proguard.cfg
-keep public class com.kos.ktodo.MyBackupAgent