bin/proguard/mapping.txt
com.kos.ktodo.AnimatedVisibilityButton -> com.kos.ktodo.AnimatedVisibilityButton:
    android.os.Handler h -> a
    android.view.animation.Animation inAnimation -> b
    android.view.animation.Animation outAnimation -> c
    java.lang.Runnable hider -> d
    void setVisibility(int) -> setVisibility
    void hideAfter$1349ef() -> a
    void hideNoAnimation() -> b
com.kos.ktodo.AnimatedVisibilityButton$1 -> com.kos.ktodo.ad:
    com.kos.ktodo.AnimatedVisibilityButton this$0 -> a
    void run() -> run
com.kos.ktodo.Callback1 -> com.kos.ktodo.bd:
    java.lang.Object call(java.lang.Object) -> a
com.kos.ktodo.DBHelper -> com.kos.ktodo.bu:
    java.lang.String CREATE_WIDGET_TABLE -> a
    android.content.Context context -> b
    boolean needToRecreateAllItems -> c
    void onCreate(android.database.sqlite.SQLiteDatabase) -> onCreate
    void onUpgrade(android.database.sqlite.SQLiteDatabase,int,int) -> onUpgrade
    boolean isNeedToRecreateAllItems() -> a
    void resetNeedToRecreateAllItems() -> b
    boolean isNullable(java.lang.String,java.lang.String) -> a
com.kos.ktodo.DueDateSelector -> com.kos.ktodo.as:
    void onClick(android.view.View) -> onClick
    java.lang.Long getCurrentDueDate() -> a
    void onDueDateSelected(java.lang.Long) -> a
com.kos.ktodo.DueDateSelector$1 -> com.kos.ktodo.by:
    android.content.Context val$c -> a
    com.kos.ktodo.DueDateSelector this$0 -> b
    void onClick(android.content.DialogInterface,int) -> onClick
com.kos.ktodo.DueDateSelector$2 -> com.kos.ktodo.bx:
    com.kos.ktodo.DueDateSelector this$0 -> a
    void onDateSet(android.widget.DatePicker,int,int,int) -> onDateSet
com.kos.ktodo.DueStatus -> com.kos.ktodo.s:
    com.kos.ktodo.DueStatus NONE -> a
    com.kos.ktodo.DueStatus EXPIRED -> b
    com.kos.ktodo.DueStatus TODAY -> c
    com.kos.ktodo.DueStatus FUTURE -> d
    com.kos.ktodo.DueStatus[] $VALUES -> e
    com.kos.ktodo.DueStatus[] values() -> values
    com.kos.ktodo.DueStatus valueOf(java.lang.String) -> valueOf
com.kos.ktodo.EditTags -> com.kos.ktodo.EditTags:
    int RENAME_TAG_MENU_ITEM -> a
    int DELETE_TAG_MENU_ITEM -> b
    com.kos.ktodo.TagsStorage tagsStorage -> c
    android.database.Cursor allTagsCursor -> d
    android.app.AlertDialog dialog -> e
    void onCreate(android.os.Bundle) -> onCreate
    void onDetachedFromWindow() -> onDetachedFromWindow
    void onCreateContextMenu(android.view.ContextMenu,android.view.View,android.view.ContextMenu$ContextMenuInfo) -> onCreateContextMenu
    boolean onContextItemSelected(android.view.MenuItem) -> onContextItemSelected
    void deleteTag(long) -> a
    void warnTagExists() -> a
    void updateView() -> b
    void onPause() -> onPause
    void onDestroy() -> onDestroy
    void updateWidgetsIfNeeded() -> c
    void access$000(com.kos.ktodo.EditTags) -> a
    void access$100(com.kos.ktodo.EditTags,long) -> a
    void access$200(com.kos.ktodo.EditTags,long) -> b
    void access$300(com.kos.ktodo.EditTags,long) -> c
    com.kos.ktodo.TagsStorage access$400(com.kos.ktodo.EditTags) -> b
    void access$500(com.kos.ktodo.EditTags) -> c
    void access$600(com.kos.ktodo.EditTags) -> d
com.kos.ktodo.EditTags$1 -> com.kos.ktodo.bs:
    com.kos.ktodo.EditTags this$0 -> a
    boolean onKey(android.view.View,int,android.view.KeyEvent) -> onKey
com.kos.ktodo.EditTags$2 -> com.kos.ktodo.bt:
    com.kos.ktodo.EditTags this$0 -> a
    void onClick(android.view.View) -> onClick
com.kos.ktodo.EditTags$3 -> com.kos.ktodo.bq:
    com.kos.ktodo.EditTags this$0 -> a
    void deleteItem(long) -> a
com.kos.ktodo.EditTags$4 -> com.kos.ktodo.br:
    long val$id -> a
    com.kos.ktodo.EditTags this$0 -> b
    void onClick(android.content.DialogInterface,int) -> onClick
com.kos.ktodo.EditTags$5 -> com.kos.ktodo.bl:
    long val$id -> a
    com.kos.ktodo.EditTags this$0 -> b
    void onClick(android.content.DialogInterface,int) -> onClick
...
com.att.preference.colorpicker.AlphaPatternDrawable -> com.att.preference.colorpicker.e:
    int mRectangleSize -> a
    android.graphics.Paint mPaint -> b
    android.graphics.Paint mPaintWhite -> c
    android.graphics.Paint mPaintGray -> d
    int numRectanglesHorizontal -> e
    int numRectanglesVertical -> f
    android.graphics.Bitmap mBitmap -> g
    void draw(android.graphics.Canvas) -> draw
    int getOpacity() -> getOpacity
    void setAlpha(int) -> setAlpha
    void setColorFilter(android.graphics.ColorFilter) -> setColorFilter
    void onBoundsChange(android.graphics.Rect) -> onBoundsChange
com.att.preference.colorpicker.ColorPickerDialog -> com.att.preference.colorpicker.d:
    com.att.preference.colorpicker.ColorPickerView mColorPicker -> a
    com.att.preference.colorpicker.ColorPickerPanelView mOldColor -> b
    com.att.preference.colorpicker.ColorPickerPanelView mNewColor -> c
    com.att.preference.colorpicker.ColorPickerDialog$OnColorChangedListener mListener -> d
    void onColorChanged(int) -> a
    void setAlphaSliderVisible$1385ff() -> a
    void setOnColorChangedListener(com.att.preference.colorpicker.ColorPickerDialog$OnColorChangedListener) -> a
    void onClick(android.view.View) -> onClick
com.att.preference.colorpicker.ColorPickerDialog$OnColorChangedListener -> com.att.preference.colorpicker.a:
    void onColorChanged(int) -> a
com.att.preference.colorpicker.ColorPickerPanelView -> com.att.preference.colorpicker.ColorPickerPanelView:
    float mDensity -> a
    int mBorderColor -> b
    int mColor -> c
    android.graphics.Paint mBorderPaint -> d
    android.graphics.Paint mColorPaint -> e
    android.graphics.RectF mDrawingRect -> f
    android.graphics.RectF mColorRect -> g
    com.att.preference.colorpicker.AlphaPatternDrawable mAlphaPattern -> h
    void onDraw(android.graphics.Canvas) -> onDraw
    void onMeasure(int,int) -> onMeasure
    void onSizeChanged(int,int,int,int) -> onSizeChanged
    void setColor(int) -> a
    int getColor() -> a
com.att.preference.colorpicker.ColorPickerPreference -> com.att.preference.colorpicker.ColorPickerPreference:
    android.view.View mView -> a
    int mDefaultValue -> b
    int mValue -> c
    float mDensity -> d
    void init(android.content.Context,android.util.AttributeSet) -> a
    void onBindView(android.view.View) -> onBindView
    void setPreviewColor() -> a
    android.graphics.Bitmap getPreviewBitmap() -> b
    int getValue() -> c
    void onColorChanged(int) -> a
    boolean onPreferenceClick(android.preference.Preference) -> onPreferenceClick